{"name":"hexo","hostname":"ÕÅ±ø","pid":25068,"level":20,"msg":"Hexo version: 3.2.2","time":"2016-12-02T06:46:06.267Z","v":0}
{"name":"hexo","hostname":"ÕÅ±ø","pid":25068,"level":20,"msg":"Working directory: E:\\fe-deploy\\","time":"2016-12-02T06:46:06.270Z","v":0}
{"name":"hexo","hostname":"ÕÅ±ø","pid":25068,"level":20,"msg":"Config loaded: E:\\fe-deploy\\_config.yml","time":"2016-12-02T06:46:06.568Z","v":0}
{"name":"hexo","hostname":"ÕÅ±ø","pid":25068,"level":20,"msg":"Plugin loaded: hexo-deployer-git","time":"2016-12-02T06:46:06.594Z","v":0}
{"name":"hexo","hostname":"ÕÅ±ø","pid":25068,"level":20,"msg":"Plugin loaded: hexo-generator-archive","time":"2016-12-02T06:46:06.603Z","v":0}
{"name":"hexo","hostname":"ÕÅ±ø","pid":25068,"level":20,"msg":"Plugin loaded: hexo-generator-category","time":"2016-12-02T06:46:06.608Z","v":0}
{"name":"hexo","hostname":"ÕÅ±ø","pid":25068,"level":20,"msg":"Plugin loaded: hexo-generator-tag","time":"2016-12-02T06:46:06.614Z","v":0}
{"name":"hexo","hostname":"ÕÅ±ø","pid":25068,"level":20,"msg":"Plugin loaded: hexo-generator-index","time":"2016-12-02T06:46:06.616Z","v":0}
{"name":"hexo","hostname":"ÕÅ±ø","pid":25068,"level":20,"msg":"Plugin loaded: hexo-renderer-stylus","time":"2016-12-02T06:46:06.621Z","v":0}
{"name":"hexo","hostname":"ÕÅ±ø","pid":25068,"level":20,"msg":"Plugin loaded: hexo-renderer-ejs","time":"2016-12-02T06:46:06.629Z","v":0}
{"name":"hexo","hostname":"ÕÅ±ø","pid":25068,"level":20,"msg":"Plugin loaded: hexo-server","time":"2016-12-02T06:46:06.788Z","v":0}
{"name":"hexo","hostname":"ÕÅ±ø","pid":25068,"level":20,"msg":"Plugin loaded: hexo-renderer-marked","time":"2016-12-02T06:46:06.798Z","v":0}
{"name":"hexo","hostname":"ÕÅ±ø","pid":25068,"level":20,"msg":"Script loaded: themes\\landscape\\scripts\\fancybox.js","time":"2016-12-02T06:46:06.799Z","v":0}
{"name":"hexo","hostname":"ÕÅ±ø","pid":25068,"level":20,"msg":"Database saved","time":"2016-12-02T06:46:06.805Z","v":0}
{"name":"hexo","hostname":"ÕÅ±ø","pid":20728,"level":20,"msg":"Hexo version: 3.2.2","time":"2016-12-02T06:46:16.079Z","v":0}
{"name":"hexo","hostname":"ÕÅ±ø","pid":20728,"level":20,"msg":"Working directory: E:\\fe-deploy\\","time":"2016-12-02T06:46:16.082Z","v":0}
{"name":"hexo","hostname":"ÕÅ±ø","pid":20728,"level":20,"msg":"Config loaded: E:\\fe-deploy\\_config.yml","time":"2016-12-02T06:46:16.367Z","v":0}
{"name":"hexo","hostname":"ÕÅ±ø","pid":20728,"level":20,"msg":"Plugin loaded: hexo-deployer-git","time":"2016-12-02T06:46:16.393Z","v":0}
{"name":"hexo","hostname":"ÕÅ±ø","pid":20728,"level":20,"msg":"Plugin loaded: hexo-generator-archive","time":"2016-12-02T06:46:16.402Z","v":0}
{"name":"hexo","hostname":"ÕÅ±ø","pid":20728,"level":20,"msg":"Plugin loaded: hexo-generator-category","time":"2016-12-02T06:46:16.407Z","v":0}
{"name":"hexo","hostname":"ÕÅ±ø","pid":20728,"level":20,"msg":"Plugin loaded: hexo-generator-index","time":"2016-12-02T06:46:16.412Z","v":0}
{"name":"hexo","hostname":"ÕÅ±ø","pid":20728,"level":20,"msg":"Plugin loaded: hexo-renderer-ejs","time":"2016-12-02T06:46:16.421Z","v":0}
{"name":"hexo","hostname":"ÕÅ±ø","pid":20728,"level":20,"msg":"Plugin loaded: hexo-renderer-marked","time":"2016-12-02T06:46:16.432Z","v":0}
{"name":"hexo","hostname":"ÕÅ±ø","pid":20728,"level":20,"msg":"Plugin loaded: hexo-renderer-stylus","time":"2016-12-02T06:46:16.434Z","v":0}
{"name":"hexo","hostname":"ÕÅ±ø","pid":20728,"level":20,"msg":"Plugin loaded: hexo-server","time":"2016-12-02T06:46:16.589Z","v":0}
{"name":"hexo","hostname":"ÕÅ±ø","pid":20728,"level":20,"msg":"Plugin loaded: hexo-generator-tag","time":"2016-12-02T06:46:16.593Z","v":0}
{"name":"hexo","hostname":"ÕÅ±ø","pid":20728,"level":20,"msg":"Script loaded: themes\\landscape\\scripts\\fancybox.js","time":"2016-12-02T06:46:16.594Z","v":0}
{"name":"hexo","hostname":"ÕÅ±ø","pid":20728,"level":20,"msg":"Loading database.","time":"2016-12-02T06:46:16.603Z","v":0}
{"name":"hexo","hostname":"ÕÅ±ø","pid":20728,"level":30,"msg":"Start processing","time":"2016-12-02T06:46:16.611Z","v":0}
{"name":"hexo","hostname":"ÕÅ±ø","pid":20728,"level":20,"msg":"Processed: source/css/style.styl","time":"2016-12-02T06:46:16.704Z","v":0}
{"name":"hexo","hostname":"ÕÅ±ø","pid":20728,"level":20,"msg":"Processed: source/fancybox/blank.gif","time":"2016-12-02T06:46:16.704Z","v":0}
{"name":"hexo","hostname":"ÕÅ±ø","pid":20728,"level":20,"msg":"Processed: source/fancybox/fancybox_loading@2x.gif","time":"2016-12-02T06:46:16.704Z","v":0}
{"name":"hexo","hostname":"ÕÅ±ø","pid":20728,"level":20,"msg":"Processed: source/fancybox/fancybox_loading.gif","time":"2016-12-02T06:46:16.705Z","v":0}
{"name":"hexo","hostname":"ÕÅ±ø","pid":20728,"level":20,"msg":"Processed: source/fancybox/fancybox_overlay.png","time":"2016-12-02T06:46:16.705Z","v":0}
{"name":"hexo","hostname":"ÕÅ±ø","pid":20728,"level":20,"msg":"Processed: source/fancybox/fancybox_sprite.png","time":"2016-12-02T06:46:16.706Z","v":0}
{"name":"hexo","hostname":"ÕÅ±ø","pid":20728,"level":20,"msg":"Processed: source/fancybox/fancybox_sprite@2x.png","time":"2016-12-02T06:46:16.706Z","v":0}
{"name":"hexo","hostname":"ÕÅ±ø","pid":20728,"level":20,"msg":"Processed: source/fancybox/jquery.fancybox.css","time":"2016-12-02T06:46:16.706Z","v":0}
{"name":"hexo","hostname":"ÕÅ±ø","pid":20728,"level":20,"msg":"Processed: source/fancybox/jquery.fancybox.js","time":"2016-12-02T06:46:16.706Z","v":0}
{"name":"hexo","hostname":"ÕÅ±ø","pid":20728,"level":20,"msg":"Processed: source/fancybox/jquery.fancybox.pack.js","time":"2016-12-02T06:46:16.707Z","v":0}
{"name":"hexo","hostname":"ÕÅ±ø","pid":20728,"level":20,"msg":"Processed: source/js/script.js","time":"2016-12-02T06:46:16.707Z","v":0}
{"name":"hexo","hostname":"ÕÅ±ø","pid":20728,"level":20,"msg":"Theme config loaded.","time":"2016-12-02T06:46:16.726Z","v":0}
{"name":"hexo","hostname":"ÕÅ±ø","pid":20728,"level":20,"msg":"Processed: _posts/fe-resource-deploy - 副本 (3).md","time":"2016-12-02T06:46:16.732Z","v":0}
{"name":"hexo","hostname":"ÕÅ±ø","pid":20728,"level":20,"msg":"Processed: _config.yml","time":"2016-12-02T06:46:16.732Z","v":0}
{"name":"hexo","hostname":"ÕÅ±ø","pid":20728,"level":20,"msg":"Processed: _posts/fe-resource-deploy - 副本 (2).md","time":"2016-12-02T06:46:16.733Z","v":0}
{"name":"hexo","hostname":"ÕÅ±ø","pid":20728,"level":20,"msg":"Processed: _posts/fe-resource-deploy - 副本.md","time":"2016-12-02T06:46:16.733Z","v":0}
{"name":"hexo","hostname":"ÕÅ±ø","pid":20728,"level":20,"msg":"Processed: source/js/jquery-1.11.1.min.js","time":"2016-12-02T06:46:16.734Z","v":0}
{"name":"hexo","hostname":"ÕÅ±ø","pid":20728,"level":20,"msg":"Processed: _posts/fe-resource-deploy - 副本 (4).md","time":"2016-12-02T06:46:16.734Z","v":0}
{"name":"hexo","hostname":"ÕÅ±ø","pid":20728,"level":20,"msg":"Processed: layout/category.ejs","time":"2016-12-02T06:46:16.745Z","v":0}
{"name":"hexo","hostname":"ÕÅ±ø","pid":20728,"level":20,"msg":"Processed: layout/archive.ejs","time":"2016-12-02T06:46:16.746Z","v":0}
{"name":"hexo","hostname":"ÕÅ±ø","pid":20728,"level":20,"msg":"Processed: layout/layout.ejs","time":"2016-12-02T06:46:16.747Z","v":0}
{"name":"hexo","hostname":"ÕÅ±ø","pid":20728,"level":20,"msg":"Processed: layout/post.ejs","time":"2016-12-02T06:46:16.747Z","v":0}
{"name":"hexo","hostname":"ÕÅ±ø","pid":20728,"level":20,"msg":"Processed: layout/page.ejs","time":"2016-12-02T06:46:16.748Z","v":0}
{"name":"hexo","hostname":"ÕÅ±ø","pid":20728,"level":20,"msg":"Processed: layout/index.ejs","time":"2016-12-02T06:46:16.748Z","v":0}
{"name":"hexo","hostname":"ÕÅ±ø","pid":20728,"level":20,"msg":"Processed: _posts/fe-resource-deploy.md","time":"2016-12-02T06:46:16.755Z","v":0}
{"name":"hexo","hostname":"ÕÅ±ø","pid":20728,"level":20,"msg":"Processed: languages/fr.yml","time":"2016-12-02T06:46:16.755Z","v":0}
{"name":"hexo","hostname":"ÕÅ±ø","pid":20728,"level":20,"msg":"Processed: languages/no.yml","time":"2016-12-02T06:46:16.756Z","v":0}
{"name":"hexo","hostname":"ÕÅ±ø","pid":20728,"level":20,"msg":"Processed: languages/nl.yml","time":"2016-12-02T06:46:16.756Z","v":0}
{"name":"hexo","hostname":"ÕÅ±ø","pid":20728,"level":20,"msg":"Processed: languages/default.yml","time":"2016-12-02T06:46:16.756Z","v":0}
{"name":"hexo","hostname":"ÕÅ±ø","pid":20728,"level":20,"msg":"Processed: languages/ru.yml","time":"2016-12-02T06:46:16.756Z","v":0}
{"name":"hexo","hostname":"ÕÅ±ø","pid":20728,"level":20,"msg":"Processed: languages/zh-CN.yml","time":"2016-12-02T06:46:16.757Z","v":0}
{"name":"hexo","hostname":"ÕÅ±ø","pid":20728,"level":20,"msg":"Processed: languages/zh-TW.yml","time":"2016-12-02T06:46:16.757Z","v":0}
{"name":"hexo","hostname":"ÕÅ±ø","pid":20728,"level":20,"msg":"Processed: _posts/hello-world.md","time":"2016-12-02T06:46:16.757Z","v":0}
{"name":"hexo","hostname":"ÕÅ±ø","pid":20728,"level":20,"msg":"Processed: source/css/fonts/fontawesome-webfont.eot","time":"2016-12-02T06:46:16.768Z","v":0}
{"name":"hexo","hostname":"ÕÅ±ø","pid":20728,"level":20,"msg":"Processed: source/css/fonts/FontAwesome.otf","time":"2016-12-02T06:46:16.769Z","v":0}
{"name":"hexo","hostname":"ÕÅ±ø","pid":20728,"level":20,"msg":"Processed: source/css/fonts/fontawesome-webfont.woff","time":"2016-12-02T06:46:16.769Z","v":0}
{"name":"hexo","hostname":"ÕÅ±ø","pid":20728,"level":20,"msg":"Processed: source/fancybox/helpers/jquery.fancybox-buttons.css","time":"2016-12-02T06:46:16.770Z","v":0}
{"name":"hexo","hostname":"ÕÅ±ø","pid":20728,"level":20,"msg":"Processed: source/fancybox/helpers/fancybox_buttons.png","time":"2016-12-02T06:46:16.771Z","v":0}
{"name":"hexo","hostname":"ÕÅ±ø","pid":20728,"level":20,"msg":"Processed: source/fancybox/helpers/jquery.fancybox-buttons.js","time":"2016-12-02T06:46:16.771Z","v":0}
{"name":"hexo","hostname":"ÕÅ±ø","pid":20728,"level":20,"msg":"Processed: source/fancybox/helpers/jquery.fancybox-media.js","time":"2016-12-02T06:46:16.771Z","v":0}
{"name":"hexo","hostname":"ÕÅ±ø","pid":20728,"level":20,"msg":"Processed: source/fancybox/helpers/jquery.fancybox-thumbs.css","time":"2016-12-02T06:46:16.772Z","v":0}
{"name":"hexo","hostname":"ÕÅ±ø","pid":20728,"level":20,"msg":"Processed: source/fancybox/helpers/jquery.fancybox-thumbs.js","time":"2016-12-02T06:46:16.772Z","v":0}
{"name":"hexo","hostname":"ÕÅ±ø","pid":20728,"level":20,"msg":"Processed: layout/tag.ejs","time":"2016-12-02T06:46:16.808Z","v":0}
{"name":"hexo","hostname":"ÕÅ±ø","pid":20728,"level":20,"msg":"Processed: source/css/fonts/fontawesome-webfont.ttf","time":"2016-12-02T06:46:16.809Z","v":0}
{"name":"hexo","hostname":"ÕÅ±ø","pid":20728,"level":20,"msg":"Processed: layout/_widget/archive.ejs","time":"2016-12-02T06:46:16.818Z","v":0}
{"name":"hexo","hostname":"ÕÅ±ø","pid":20728,"level":20,"msg":"Processed: layout/_widget/category.ejs","time":"2016-12-02T06:46:16.819Z","v":0}
{"name":"hexo","hostname":"ÕÅ±ø","pid":20728,"level":20,"msg":"Processed: layout/_widget/recent_posts.ejs","time":"2016-12-02T06:46:16.819Z","v":0}
{"name":"hexo","hostname":"ÕÅ±ø","pid":20728,"level":20,"msg":"Processed: layout/_widget/tag.ejs","time":"2016-12-02T06:46:16.819Z","v":0}
{"name":"hexo","hostname":"ÕÅ±ø","pid":20728,"level":20,"msg":"Processed: layout/_widget/tagcloud.ejs","time":"2016-12-02T06:46:16.819Z","v":0}
{"name":"hexo","hostname":"ÕÅ±ø","pid":20728,"level":20,"msg":"Processed: layout/_partial/after-footer.ejs","time":"2016-12-02T06:46:16.819Z","v":0}
{"name":"hexo","hostname":"ÕÅ±ø","pid":20728,"level":20,"msg":"Processed: layout/_partial/archive-post.ejs","time":"2016-12-02T06:46:16.819Z","v":0}
{"name":"hexo","hostname":"ÕÅ±ø","pid":20728,"level":20,"msg":"Processed: layout/_partial/archive.ejs","time":"2016-12-02T06:46:16.819Z","v":0}
{"name":"hexo","hostname":"ÕÅ±ø","pid":20728,"level":20,"msg":"Processed: layout/_partial/article.ejs","time":"2016-12-02T06:46:16.819Z","v":0}
{"name":"hexo","hostname":"ÕÅ±ø","pid":20728,"level":20,"msg":"Processed: layout/_partial/google-analytics.ejs","time":"2016-12-02T06:46:16.819Z","v":0}
{"name":"hexo","hostname":"ÕÅ±ø","pid":20728,"level":20,"msg":"Processed: layout/_partial/head.ejs","time":"2016-12-02T06:46:16.819Z","v":0}
{"name":"hexo","hostname":"ÕÅ±ø","pid":20728,"level":20,"msg":"Processed: layout/_partial/header.ejs","time":"2016-12-02T06:46:16.819Z","v":0}
{"name":"hexo","hostname":"ÕÅ±ø","pid":20728,"level":20,"msg":"Processed: layout/_partial/footer.ejs","time":"2016-12-02T06:46:16.819Z","v":0}
{"name":"hexo","hostname":"ÕÅ±ø","pid":20728,"level":20,"msg":"Processed: layout/_partial/mobile-nav.ejs","time":"2016-12-02T06:46:16.819Z","v":0}
{"name":"hexo","hostname":"ÕÅ±ø","pid":20728,"level":20,"msg":"Processed: layout/_partial/sidebar.ejs","time":"2016-12-02T06:46:16.819Z","v":0}
{"name":"hexo","hostname":"ÕÅ±ø","pid":20728,"level":20,"msg":"Processed: source/css/fonts/fontawesome-webfont.svg","time":"2016-12-02T06:46:16.822Z","v":0}
{"name":"hexo","hostname":"ÕÅ±ø","pid":20728,"level":20,"msg":"Processed: source/css/images/banner.jpg","time":"2016-12-02T06:46:16.822Z","v":0}
{"name":"hexo","hostname":"ÕÅ±ø","pid":20728,"level":20,"msg":"Processed: layout/_partial/post/date.ejs","time":"2016-12-02T06:46:16.824Z","v":0}
{"name":"hexo","hostname":"ÕÅ±ø","pid":20728,"level":20,"msg":"Processed: layout/_partial/post/gallery.ejs","time":"2016-12-02T06:46:16.824Z","v":0}
{"name":"hexo","hostname":"ÕÅ±ø","pid":20728,"level":20,"msg":"Processed: layout/_partial/post/category.ejs","time":"2016-12-02T06:46:16.825Z","v":0}
{"name":"hexo","hostname":"ÕÅ±ø","pid":20728,"level":20,"msg":"Processed: layout/_partial/post/nav.ejs","time":"2016-12-02T06:46:16.825Z","v":0}
{"name":"hexo","hostname":"ÕÅ±ø","pid":20728,"level":20,"msg":"Processed: layout/_partial/post/tag.ejs","time":"2016-12-02T06:46:16.825Z","v":0}
{"name":"hexo","hostname":"ÕÅ±ø","pid":20728,"level":20,"msg":"Processed: layout/_partial/post/title.ejs","time":"2016-12-02T06:46:16.825Z","v":0}
{"name":"hexo","hostname":"ÕÅ±ø","pid":20728,"level":20,"msg":"Generator: page","time":"2016-12-02T06:46:17.081Z","v":0}
{"name":"hexo","hostname":"ÕÅ±ø","pid":20728,"level":20,"msg":"Generator: post","time":"2016-12-02T06:46:17.081Z","v":0}
{"name":"hexo","hostname":"ÕÅ±ø","pid":20728,"level":20,"msg":"Generator: archive","time":"2016-12-02T06:46:17.081Z","v":0}
{"name":"hexo","hostname":"ÕÅ±ø","pid":20728,"level":20,"msg":"Generator: category","time":"2016-12-02T06:46:17.081Z","v":0}
{"name":"hexo","hostname":"ÕÅ±ø","pid":20728,"level":20,"msg":"Generator: index","time":"2016-12-02T06:46:17.081Z","v":0}
{"name":"hexo","hostname":"ÕÅ±ø","pid":20728,"level":20,"msg":"Generator: tag","time":"2016-12-02T06:46:17.081Z","v":0}
{"name":"hexo","hostname":"ÕÅ±ø","pid":20728,"level":20,"msg":"Generator: asset","time":"2016-12-02T06:46:17.084Z","v":0}
{"name":"hexo","hostname":"ÕÅ±ø","pid":20728,"level":30,"msg":"Hexo is running at http://localhost:4000/. Press Ctrl+C to stop.","time":"2016-12-02T06:46:17.090Z","v":0}
{"name":"hexo","hostname":"ÕÅ±ø","pid":20728,"level":20,"msg":"Database saved","time":"2016-12-02T06:46:17.101Z","v":0}
{"name":"hexo","hostname":"ÕÅ±ø","pid":20728,"level":20,"msg":"Rendering index: index.html","time":"2016-12-02T06:46:26.909Z","v":0}
{"name":"hexo","hostname":"ÕÅ±ø","pid":20728,"level":20,"msg":"Processed: _posts/fe-resource-deploy - 副本.md","time":"2016-12-02T06:46:53.304Z","v":0}
{"name":"hexo","hostname":"ÕÅ±ø","pid":20728,"level":20,"msg":"Generator: page","time":"2016-12-02T06:46:53.455Z","v":0}
{"name":"hexo","hostname":"ÕÅ±ø","pid":20728,"level":20,"msg":"Generator: post","time":"2016-12-02T06:46:53.455Z","v":0}
{"name":"hexo","hostname":"ÕÅ±ø","pid":20728,"level":20,"msg":"Generator: archive","time":"2016-12-02T06:46:53.455Z","v":0}
{"name":"hexo","hostname":"ÕÅ±ø","pid":20728,"level":20,"msg":"Generator: category","time":"2016-12-02T06:46:53.455Z","v":0}
{"name":"hexo","hostname":"ÕÅ±ø","pid":20728,"level":20,"msg":"Generator: index","time":"2016-12-02T06:46:53.455Z","v":0}
{"name":"hexo","hostname":"ÕÅ±ø","pid":20728,"level":20,"msg":"Generator: tag","time":"2016-12-02T06:46:53.455Z","v":0}
{"name":"hexo","hostname":"ÕÅ±ø","pid":20728,"level":20,"msg":"Generator: asset","time":"2016-12-02T06:46:53.456Z","v":0}
{"name":"hexo","hostname":"ÕÅ±ø","pid":20728,"level":20,"msg":"Processed: _posts/fe-resource-deploy - 副本 (2).md","time":"2016-12-02T06:46:53.462Z","v":0}
{"name":"hexo","hostname":"ÕÅ±ø","pid":20728,"level":20,"msg":"Generator: page","time":"2016-12-02T06:46:53.569Z","v":0}
{"name":"hexo","hostname":"ÕÅ±ø","pid":20728,"level":20,"msg":"Generator: post","time":"2016-12-02T06:46:53.569Z","v":0}
{"name":"hexo","hostname":"ÕÅ±ø","pid":20728,"level":20,"msg":"Generator: archive","time":"2016-12-02T06:46:53.569Z","v":0}
{"name":"hexo","hostname":"ÕÅ±ø","pid":20728,"level":20,"msg":"Generator: category","time":"2016-12-02T06:46:53.571Z","v":0}
{"name":"hexo","hostname":"ÕÅ±ø","pid":20728,"level":20,"msg":"Generator: index","time":"2016-12-02T06:46:53.571Z","v":0}
{"name":"hexo","hostname":"ÕÅ±ø","pid":20728,"level":20,"msg":"Generator: tag","time":"2016-12-02T06:46:53.571Z","v":0}
{"name":"hexo","hostname":"ÕÅ±ø","pid":20728,"level":20,"msg":"Generator: asset","time":"2016-12-02T06:46:53.571Z","v":0}
{"name":"hexo","hostname":"ÕÅ±ø","pid":20728,"level":20,"msg":"Processed: _posts/fe-resource-deploy - 副本 (3).md","time":"2016-12-02T06:46:53.646Z","v":0}
{"name":"hexo","hostname":"ÕÅ±ø","pid":20728,"level":20,"msg":"Generator: page","time":"2016-12-02T06:46:53.753Z","v":0}
{"name":"hexo","hostname":"ÕÅ±ø","pid":20728,"level":20,"msg":"Generator: post","time":"2016-12-02T06:46:53.753Z","v":0}
{"name":"hexo","hostname":"ÕÅ±ø","pid":20728,"level":20,"msg":"Generator: archive","time":"2016-12-02T06:46:53.753Z","v":0}
{"name":"hexo","hostname":"ÕÅ±ø","pid":20728,"level":20,"msg":"Generator: category","time":"2016-12-02T06:46:53.753Z","v":0}
{"name":"hexo","hostname":"ÕÅ±ø","pid":20728,"level":20,"msg":"Generator: index","time":"2016-12-02T06:46:53.753Z","v":0}
{"name":"hexo","hostname":"ÕÅ±ø","pid":20728,"level":20,"msg":"Generator: tag","time":"2016-12-02T06:46:53.753Z","v":0}
{"name":"hexo","hostname":"ÕÅ±ø","pid":20728,"level":20,"msg":"Generator: asset","time":"2016-12-02T06:46:53.753Z","v":0}
{"name":"hexo","hostname":"ÕÅ±ø","pid":20728,"level":20,"msg":"Processed: _posts/fe-resource-deploy - 副本 (4).md","time":"2016-12-02T06:46:53.840Z","v":0}
{"name":"hexo","hostname":"ÕÅ±ø","pid":20728,"level":20,"msg":"Generator: page","time":"2016-12-02T06:46:53.949Z","v":0}
{"name":"hexo","hostname":"ÕÅ±ø","pid":20728,"level":20,"msg":"Generator: post","time":"2016-12-02T06:46:53.949Z","v":0}
{"name":"hexo","hostname":"ÕÅ±ø","pid":20728,"level":20,"msg":"Generator: archive","time":"2016-12-02T06:46:53.950Z","v":0}
{"name":"hexo","hostname":"ÕÅ±ø","pid":20728,"level":20,"msg":"Generator: category","time":"2016-12-02T06:46:53.950Z","v":0}
{"name":"hexo","hostname":"ÕÅ±ø","pid":20728,"level":20,"msg":"Generator: index","time":"2016-12-02T06:46:53.950Z","v":0}
{"name":"hexo","hostname":"ÕÅ±ø","pid":20728,"level":20,"msg":"Generator: tag","time":"2016-12-02T06:46:53.950Z","v":0}
{"name":"hexo","hostname":"ÕÅ±ø","pid":20728,"level":20,"msg":"Generator: asset","time":"2016-12-02T06:46:53.950Z","v":0}
